2023-12-31T12:24:49,533 [main] INFO  (EndToEndAPITest.java:31) - e2eAPIRequest test execution started...
2023-12-31T12:24:53,088 [main] INFO  (RestAssuredListener.java:23) - 
 Method =>POST
 URI => https://restful-booker.herokuapp.com/booking
 Request body => {
    "firstname": "api testing",
    "lastname": "tutorial",
    "totalprice": 1000,
    "depositpaid": true,
    "bookingdates": {
        "checkin": "2018-01-01",
        "checkout": "2019-01-01"
    },
    "additionalneeds": "super bowls"
}
 Response body => {
    "bookingid": 1502,
    "booking": {
        "firstname": "api testing",
        "lastname": "tutorial",
        "totalprice": 1000,
        "depositpaid": true,
        "bookingdates": {
            "checkin": "2018-01-01",
            "checkout": "2019-01-01"
        },
        "additionalneeds": "super bowls"
    }
}
2023-12-31T12:24:54,906 [main] INFO  (RestAssuredListener.java:23) - 
 Method =>GET
 URI => https://restful-booker.herokuapp.com/booking/1502
 Request body => null
 Response body => {
    "firstname": "api testing",
    "lastname": "tutorial",
    "totalprice": 1000,
    "depositpaid": true,
    "bookingdates": {
        "checkin": "2018-01-01",
        "checkout": "2019-01-01"
    },
    "additionalneeds": "super bowls"
}
2023-12-31T12:24:56,112 [main] INFO  (RestAssuredListener.java:23) - 
 Method =>POST
 URI => https://restful-booker.herokuapp.com/auth
 Request body => {
    "username":"admin",
    "password":"password123"

}
 Response body => {
    "token": "f525842f67310f0"
}
2023-12-31T12:24:57,293 [main] INFO  (RestAssuredListener.java:23) - 
 Method =>PUT
 URI => https://restful-booker.herokuapp.com/booking/1502
 Request body => {
    "firstname": "Specflow",
    "lastname": "Selenium C#",
    "totalprice": 111,
    "depositpaid": true,
    "bookingdates": {
        "checkin": "2018-01-01",
        "checkout": "2019-01-01"
    },
    "additionalneeds": "super bowls"
}
 Response body => {
    "firstname": "Specflow",
    "lastname": "Selenium C#",
    "totalprice": 111,
    "depositpaid": true,
    "bookingdates": {
        "checkin": "2018-01-01",
        "checkout": "2019-01-01"
    },
    "additionalneeds": "super bowls"
}
2023-12-31T12:24:59,186 [main] INFO  (RestAssuredListener.java:23) - 
 Method =>PATCH
 URI => https://restful-booker.herokuapp.com/booking/1502
 Request body => {
    "firstname": "Testers Talk"
}
 Response body => {
    "firstname": "Testers Talk",
    "lastname": "Selenium C#",
    "totalprice": 111,
    "depositpaid": true,
    "bookingdates": {
        "checkin": "2018-01-01",
        "checkout": "2019-01-01"
    },
    "additionalneeds": "super bowls"
}
2023-12-31T12:25:00,387 [main] INFO  (RestAssuredListener.java:23) - 
 Method =>DELETE
 URI => https://restful-booker.herokuapp.com/booking/1502
 Request body => null
 Response body => Created
2023-12-31T12:25:00,389 [main] INFO  (EndToEndAPITest.java:142) - e2eAPIRequest test execution ended...
2023-12-31T12:35:30,518 [main] INFO  (AllureReportGeneration.java:43) - e2eAPIRequest test execution started...
2023-12-31T12:35:34,365 [main] INFO  (RestAssuredListener.java:23) - 
 Method =>POST
 URI => https://restful-booker.herokuapp.com/booking
 Request body => {
    "firstname": "api testing",
    "lastname": "tutorial",
    "totalprice": 1000,
    "depositpaid": true,
    "bookingdates": {
        "checkin": "2018-01-01",
        "checkout": "2019-01-01"
    },
    "additionalneeds": "super bowls"
}
 Response body => {
    "bookingid": 1255,
    "booking": {
        "firstname": "api testing",
        "lastname": "tutorial",
        "totalprice": 1000,
        "depositpaid": true,
        "bookingdates": {
            "checkin": "2018-01-01",
            "checkout": "2019-01-01"
        },
        "additionalneeds": "super bowls"
    }
}
2023-12-31T12:35:35,765 [main] INFO  (RestAssuredListener.java:23) - 
 Method =>GET
 URI => https://restful-booker.herokuapp.com/booking/1255
 Request body => null
 Response body => {
    "firstname": "api testing",
    "lastname": "tutorial",
    "totalprice": 1000,
    "depositpaid": true,
    "bookingdates": {
        "checkin": "2018-01-01",
        "checkout": "2019-01-01"
    },
    "additionalneeds": "super bowls"
}
2023-12-31T12:35:37,156 [main] INFO  (RestAssuredListener.java:23) - 
 Method =>POST
 URI => https://restful-booker.herokuapp.com/auth
 Request body => {
    "username":"admin",
    "password":"password123"

}
 Response body => {
    "token": "7b822e7734b7fee"
}
2023-12-31T12:35:38,408 [main] INFO  (RestAssuredListener.java:23) - 
 Method =>PUT
 URI => https://restful-booker.herokuapp.com/booking/1255
 Request body => {
    "firstname": "Specflow",
    "lastname": "Selenium C#",
    "totalprice": 111,
    "depositpaid": true,
    "bookingdates": {
        "checkin": "2018-01-01",
        "checkout": "2019-01-01"
    },
    "additionalneeds": "super bowls"
}
 Response body => {
    "firstname": "Specflow",
    "lastname": "Selenium C#",
    "totalprice": 111,
    "depositpaid": true,
    "bookingdates": {
        "checkin": "2018-01-01",
        "checkout": "2019-01-01"
    },
    "additionalneeds": "super bowls"
}
2023-12-31T12:35:40,391 [main] INFO  (RestAssuredListener.java:23) - 
 Method =>PATCH
 URI => https://restful-booker.herokuapp.com/booking/1255
 Request body => {
    "firstname": "Testers Talk"
}
 Response body => {
    "firstname": "Testers Talk",
    "lastname": "Selenium C#",
    "totalprice": 111,
    "depositpaid": true,
    "bookingdates": {
        "checkin": "2018-01-01",
        "checkout": "2019-01-01"
    },
    "additionalneeds": "super bowls"
}
2023-12-31T12:35:41,599 [main] INFO  (RestAssuredListener.java:23) - 
 Method =>DELETE
 URI => https://restful-booker.herokuapp.com/booking/1255
 Request body => null
 Response body => Created
2023-12-31T12:35:41,600 [main] INFO  (AllureReportGeneration.java:154) - e2eAPIRequest test execution ended...
2023-12-31T12:35:41,630 [main] INFO  (AllureReportGeneration.java:164) - e2eAPIRequest test execution started...
2023-12-31T12:35:42,802 [main] INFO  (RestAssuredListener.java:23) - 
 Method =>POST
 URI => https://restful-booker.herokuapp.com/booking
 Request body => {
    "firstname": "api testing",
    "lastname": "tutorial",
    "totalprice": 1000,
    "depositpaid": true,
    "bookingdates": {
        "checkin": "2018-01-01",
        "checkout": "2019-01-01"
    },
    "additionalneeds": "super bowls"
}
 Response body => {
    "bookingid": 1329,
    "booking": {
        "firstname": "api testing",
        "lastname": "tutorial",
        "totalprice": 1000,
        "depositpaid": true,
        "bookingdates": {
            "checkin": "2018-01-01",
            "checkout": "2019-01-01"
        },
        "additionalneeds": "super bowls"
    }
}
2023-12-31T12:35:43,974 [main] INFO  (RestAssuredListener.java:23) - 
 Method =>GET
 URI => https://restful-booker.herokuapp.com/booking/1329
 Request body => null
 Response body => {
    "firstname": "api testing",
    "lastname": "tutorial",
    "totalprice": 1000,
    "depositpaid": true,
    "bookingdates": {
        "checkin": "2018-01-01",
        "checkout": "2019-01-01"
    },
    "additionalneeds": "super bowls"
}
2023-12-31T12:35:43,976 [main] INFO  (AllureReportGeneration.java:214) - e2eAPIRequest test execution ended...
2023-12-31T12:46:12,218 [main] INFO  (AllureReportGeneration.java:43) - e2eAPIRequest test execution started...
2023-12-31T12:46:16,013 [main] INFO  (RestAssuredListener.java:23) - 
 Method =>POST
 URI => https://restful-booker.herokuapp.com/booking
 Request body => {
    "firstname": "api testing",
    "lastname": "tutorial",
    "totalprice": 1000,
    "depositpaid": true,
    "bookingdates": {
        "checkin": "2018-01-01",
        "checkout": "2019-01-01"
    },
    "additionalneeds": "super bowls"
}
 Response body => {
    "bookingid": 2132,
    "booking": {
        "firstname": "api testing",
        "lastname": "tutorial",
        "totalprice": 1000,
        "depositpaid": true,
        "bookingdates": {
            "checkin": "2018-01-01",
            "checkout": "2019-01-01"
        },
        "additionalneeds": "super bowls"
    }
}
2023-12-31T12:46:17,376 [main] INFO  (RestAssuredListener.java:23) - 
 Method =>GET
 URI => https://restful-booker.herokuapp.com/booking/2132
 Request body => null
 Response body => {
    "firstname": "api testing",
    "lastname": "tutorial",
    "totalprice": 1000,
    "depositpaid": true,
    "bookingdates": {
        "checkin": "2018-01-01",
        "checkout": "2019-01-01"
    },
    "additionalneeds": "super bowls"
}
2023-12-31T12:46:18,591 [main] INFO  (RestAssuredListener.java:23) - 
 Method =>POST
 URI => https://restful-booker.herokuapp.com/auth
 Request body => {
    "username":"admin",
    "password":"password123"

}
 Response body => {
    "token": "52525e2e20a3c44"
}
2023-12-31T12:46:19,917 [main] INFO  (RestAssuredListener.java:23) - 
 Method =>PUT
 URI => https://restful-booker.herokuapp.com/booking/2132
 Request body => {
    "firstname": "Specflow",
    "lastname": "Selenium C#",
    "totalprice": 111,
    "depositpaid": true,
    "bookingdates": {
        "checkin": "2018-01-01",
        "checkout": "2019-01-01"
    },
    "additionalneeds": "super bowls"
}
 Response body => {
    "firstname": "Specflow",
    "lastname": "Selenium C#",
    "totalprice": 111,
    "depositpaid": true,
    "bookingdates": {
        "checkin": "2018-01-01",
        "checkout": "2019-01-01"
    },
    "additionalneeds": "super bowls"
}
2023-12-31T12:46:22,138 [main] INFO  (RestAssuredListener.java:23) - 
 Method =>PATCH
 URI => https://restful-booker.herokuapp.com/booking/2132
 Request body => {
    "firstname": "Testers Talk"
}
 Response body => {
    "firstname": "Testers Talk",
    "lastname": "Selenium C#",
    "totalprice": 111,
    "depositpaid": true,
    "bookingdates": {
        "checkin": "2018-01-01",
        "checkout": "2019-01-01"
    },
    "additionalneeds": "super bowls"
}
2023-12-31T12:46:23,323 [main] INFO  (RestAssuredListener.java:23) - 
 Method =>DELETE
 URI => https://restful-booker.herokuapp.com/booking/2132
 Request body => null
 Response body => Created
2023-12-31T12:46:23,325 [main] INFO  (AllureReportGeneration.java:154) - e2eAPIRequest test execution ended...
2023-12-31T12:46:23,365 [main] INFO  (AllureReportGeneration.java:164) - e2eAPIRequest test execution started...
2023-12-31T12:46:24,516 [main] INFO  (RestAssuredListener.java:23) - 
 Method =>POST
 URI => https://restful-booker.herokuapp.com/booking
 Request body => {
    "firstname": "api testing",
    "lastname": "tutorial",
    "totalprice": 1000,
    "depositpaid": true,
    "bookingdates": {
        "checkin": "2018-01-01",
        "checkout": "2019-01-01"
    },
    "additionalneeds": "super bowls"
}
 Response body => {
    "bookingid": 2204,
    "booking": {
        "firstname": "api testing",
        "lastname": "tutorial",
        "totalprice": 1000,
        "depositpaid": true,
        "bookingdates": {
            "checkin": "2018-01-01",
            "checkout": "2019-01-01"
        },
        "additionalneeds": "super bowls"
    }
}
2023-12-31T12:46:25,685 [main] INFO  (RestAssuredListener.java:23) - 
 Method =>GET
 URI => https://restful-booker.herokuapp.com/booking/2204
 Request body => null
 Response body => {
    "firstname": "api testing",
    "lastname": "tutorial",
    "totalprice": 1000,
    "depositpaid": true,
    "bookingdates": {
        "checkin": "2018-01-01",
        "checkout": "2019-01-01"
    },
    "additionalneeds": "super bowls"
}
2023-12-31T12:46:25,688 [main] INFO  (AllureReportGeneration.java:214) - e2eAPIRequest test execution ended...
